<?xml version="1.0" encoding="UTF-8"?>
<!-- Generated by org.testng.reporters.JUnitXMLReporter -->
<testsuite ignored="21" hostname="DESKTOP-JK6415H" failures="0" tests="8" name="Test" time="338.315" errors="0" timestamp="2020-11-12T11:54:08 IST">
  <testcase classname="testcases.LoginLogout" name="loginAndLogout" time="55.092"/>
  <testcase classname="testcases.OpenData" name="OpenData" time="37.629"/>
  <testcase classname="testcases.LinkBankMerchants" name="ListOfBanks" time="79.208"/>
  <testcase classname="testcases.Accounts" name="Accounts" time="38.165"/>
  <testcase classname="testcases.Transactions" name="loginAndLogout" time="10.302"/>
  <testcase classname="testcases.StandingOrder" name="loginAndLogout" time="12.313"/>
  <testcase classname="testcases.SingleImmediatePayments" name="SingleImmediatePayment" time="93.864"/>
  <testcase classname="testcases.Activity" name="loginAndLogout" time="10.362"/>
  <testcase classname="wrapperMethods.ProjectMethods" name="@BeforeSuite beforeSuite" time="0.0">
    <ignored/>
  </testcase> <!-- @BeforeSuite beforeSuite -->
  <testcase classname="wrapperMethods.ProjectMethods" name="@BeforeSuite beforeSuite" time="0.0">
    <ignored/>
  </testcase> <!-- @BeforeSuite beforeSuite -->
  <testcase classname="wrapperMethods.ProjectMethods" name="@BeforeSuite beforeSuite" time="0.0">
    <ignored/>
  </testcase> <!-- @BeforeSuite beforeSuite -->
  <testcase classname="wrapperMethods.ProjectMethods" name="@BeforeSuite beforeSuite" time="0.0">
    <ignored/>
  </testcase> <!-- @BeforeSuite beforeSuite -->
  <testcase classname="wrapperMethods.ProjectMethods" name="@BeforeSuite beforeSuite" time="0.0">
    <ignored/>
  </testcase> <!-- @BeforeSuite beforeSuite -->
  <testcase classname="wrapperMethods.ProjectMethods" name="@BeforeSuite beforeSuite" time="0.0">
    <ignored/>
  </testcase> <!-- @BeforeSuite beforeSuite -->
  <testcase classname="wrapperMethods.ProjectMethods" name="@BeforeSuite beforeSuite" time="0.0">
    <ignored/>
  </testcase> <!-- @BeforeSuite beforeSuite -->
  <testcase classname="wrapperMethods.ProjectMethods" name="@AfterTest afterTest" time="0.0">
    <ignored/>
  </testcase> <!-- @AfterTest afterTest -->
  <testcase classname="wrapperMethods.ProjectMethods" name="@AfterTest afterTest" time="0.0">
    <ignored/>
  </testcase> <!-- @AfterTest afterTest -->
  <testcase classname="wrapperMethods.ProjectMethods" name="@AfterTest afterTest" time="0.0">
    <ignored/>
  </testcase> <!-- @AfterTest afterTest -->
  <testcase classname="wrapperMethods.ProjectMethods" name="@AfterTest afterTest" time="0.0">
    <ignored/>
  </testcase> <!-- @AfterTest afterTest -->
  <testcase classname="wrapperMethods.ProjectMethods" name="@AfterTest afterTest" time="0.0">
    <ignored/>
  </testcase> <!-- @AfterTest afterTest -->
  <testcase classname="wrapperMethods.ProjectMethods" name="@AfterTest afterTest" time="0.0">
    <ignored/>
  </testcase> <!-- @AfterTest afterTest -->
  <testcase classname="wrapperMethods.ProjectMethods" name="@AfterTest afterTest" time="0.0">
    <ignored/>
  </testcase> <!-- @AfterTest afterTest -->
  <testcase classname="wrapperMethods.ProjectMethods" name="@AfterSuite afterSuite" time="0.0">
    <ignored/>
  </testcase> <!-- @AfterSuite afterSuite -->
  <testcase classname="wrapperMethods.ProjectMethods" name="@AfterSuite afterSuite" time="0.0">
    <ignored/>
  </testcase> <!-- @AfterSuite afterSuite -->
  <testcase classname="wrapperMethods.ProjectMethods" name="@AfterSuite afterSuite" time="0.0">
    <ignored/>
  </testcase> <!-- @AfterSuite afterSuite -->
  <testcase classname="wrapperMethods.ProjectMethods" name="@AfterSuite afterSuite" time="0.0">
    <ignored/>
  </testcase> <!-- @AfterSuite afterSuite -->
  <testcase classname="wrapperMethods.ProjectMethods" name="@AfterSuite afterSuite" time="0.0">
    <ignored/>
  </testcase> <!-- @AfterSuite afterSuite -->
  <testcase classname="wrapperMethods.ProjectMethods" name="@AfterSuite afterSuite" time="0.0">
    <ignored/>
  </testcase> <!-- @AfterSuite afterSuite -->
  <testcase classname="wrapperMethods.ProjectMethods" name="@AfterSuite afterSuite" time="0.0">
    <ignored/>
  </testcase> <!-- @AfterSuite afterSuite -->
</testsuite> <!-- Test -->
